<?xml version="1.0" encoding="UTF-8"?>
<!-- Generated by org.testng.reporters.JUnitXMLReporter -->
<testsuite ignored="1" hostname="DESKTOP-H8DBM2L" failures="0" tests="3" name="ChromeTest" time="24.872" errors="0" timestamp="2023-03-02T19:59:42 IST">
  <testcase classname="TestNG.FBcrome" name="verifyPrivacyPolicyLink" time="7.069"/>
  <testcase classname="TestNG.FBcrome" name="verifycookiesPolicyLink" time="5.267"/>
  <testcase classname="TestNG.FBcrome" name="verifytermsLink" time="5.318"/>
  <testcase classname="TestNG.FBcrome" name="signIn" time="0.0">
    <ignored/>
  </testcase> <!-- signIn -->
</testsuite> <!-- ChromeTest -->
