<?xml version="1.0" encoding="UTF-8"?>
<!-- Generated by org.testng.reporters.JUnitXMLReporter -->
<testsuite ignored="1" hostname="DESKTOP-H8DBM2L" failures="0" tests="3" name="FirefoxTest" time="36.429" errors="0" timestamp="2023-03-02T20:00:19 IST">
  <testcase classname="TestNG.FBcrome" name="verifyPrivacyPolicyLink" time="7.203"/>
  <testcase classname="TestNG.FBcrome" name="verifycookiesPolicyLink" time="4.619"/>
  <testcase classname="TestNG.FBcrome" name="verifytermsLink" time="4.925"/>
  <testcase classname="TestNG.FBcrome" name="signIn" time="0.0">
    <ignored/>
  </testcase> <!-- signIn -->
</testsuite> <!-- FirefoxTest -->
