<?xml version="1.0" encoding="UTF-8"?>
<!-- Generated by org.testng.reporters.JUnitXMLReporter -->
<testsuite ignored="1" hostname="DESKTOP-H8DBM2L" failures="0" tests="3" name="VerifyLink" time="15.353" errors="0" timestamp="2023-02-03T23:46:56 IST">
  <testcase classname="TestNG.FaceBookLearnNG" name="verifyPrivacyPolicyLink" time="2.492"/>
  <testcase classname="TestNG.FaceBookTestNG" name="verifyPrivacyPolicyLink" time="2.741"/>
  <testcase classname="TestNG.FaceBookTestNG" name="verifycookiesPolicyLink" time="2.225"/>
  <testcase classname="TestNG.FaceBookTestNG" name="verifytermsLink" time="0.0">
    <ignored/>
  </testcase> <!-- verifytermsLink -->
</testsuite> <!-- VerifyLink -->
